app/build/intermediates/manifest_merge_blame_file/debug/manifest-merger-blame-debug-report.txt
1<?xml version="1.0" encoding="utf-8"?>
2<manifest xmlns:android="http://schemas.android.com/apk/res/android"
3    package="com.example.tritonbites"
4    android:versionCode="1"
5    android:versionName="1.0" >
6
7    <uses-sdk
8        android:minSdkVersion="21"
8-->src\main\AndroidManifest.xml
9        android:targetSdkVersion="31" />
9-->src\main\AndroidManifest.xml
10
11    <uses-permission android:name="android.permission.ACCESS_NETWORK_STATE" />
11-->src\main\AndroidManifest.xml:4:5-79
11-->src\main\AndroidManifest.xml:4:22-76
12    <uses-permission android:name="android.permission.INTERNET" />
12-->src\main\AndroidManifest.xml:5:5-67
12-->src\main\AndroidManifest.xml:5:22-64
13
14    <application
14-->src\main\AndroidManifest.xml:7:5-23:19
15        android:allowBackup="true"
15-->src\main\AndroidManifest.xml:8:9-35
16        android:appComponentFactory="androidx.core.app.CoreComponentFactory"
16-->[androidx.core:core:1.5.0] AndroidManifest.xml:24:18-86
17        android:debuggable="true"
18        android:icon="@mipmap/ic_launcher"
18-->src\main\AndroidManifest.xml:9:9-43
19        android:label="@string/app_name"
19-->src\main\AndroidManifest.xml:10:9-41
20        android:roundIcon="@mipmap/ic_launcher_round"
20-->src\main\AndroidManifest.xml:11:9-54
21        android:supportsRtl="true"
21-->src\main\AndroidManifest.xml:12:9-35
22        android:testOnly="true"
23        android:theme="@style/Theme.TritonBites" >
23-->src\main\AndroidManifest.xml:13:9-49
24        <activity
24-->src\main\AndroidManifest.xml:14:9-22:20
25            android:name="com.example.tritonbites.MainActivity"
25-->src\main\AndroidManifest.xml:15:13-64
26            android:exported="true" >
26-->src\main\AndroidManifest.xml:16:13-36
27            <intent-filter>
27-->src\main\AndroidManifest.xml:17:13-21:29
28                <action android:name="android.intent.action.MAIN" />
28-->src\main\AndroidManifest.xml:18:17-69
28-->src\main\AndroidManifest.xml:18:25-66
29
30                <category android:name="android.intent.category.LAUNCHER" />
30-->src\main\AndroidManifest.xml:20:17-77
30-->src\main\AndroidManifest.xml:20:27-74
31            </intent-filter>
32        </activity>
33        <activity
33-->[com.google.android.gms:play-services-auth:19.0.0] AndroidManifest.xml:23:9-27:75
34            android:name="com.google.android.gms.auth.api.signin.internal.SignInHubActivity"
34-->[com.google.android.gms:play-services-auth:19.0.0] AndroidManifest.xml:24:13-93
35            android:excludeFromRecents="true"
35-->[com.google.android.gms:play-services-auth:19.0.0] AndroidManifest.xml:25:13-46
36            android:exported="false"
36-->[com.google.android.gms:play-services-auth:19.0.0] AndroidManifest.xml:26:13-37
37            android:theme="@android:style/Theme.Translucent.NoTitleBar" />
37-->[com.google.android.gms:play-services-auth:19.0.0] AndroidManifest.xml:27:13-72
38        <!--
39            Service handling Google Sign-In user revocation. For apps that do not integrate with
40            Google Sign-In, this service will never be started.
41        -->
42        <service
42-->[com.google.android.gms:play-services-auth:19.0.0] AndroidManifest.xml:33:9-37:51
43            android:name="com.google.android.gms.auth.api.signin.RevocationBoundService"
43-->[com.google.android.gms:play-services-auth:19.0.0] AndroidManifest.xml:34:13-89
44            android:exported="true"
44-->[com.google.android.gms:play-services-auth:19.0.0] AndroidManifest.xml:35:13-36
45            android:permission="com.google.android.gms.auth.api.signin.permission.REVOCATION_NOTIFICATION"
45-->[com.google.android.gms:play-services-auth:19.0.0] AndroidManifest.xml:36:13-107
46            android:visibleToInstantApps="true" />
46-->[com.google.android.gms:play-services-auth:19.0.0] AndroidManifest.xml:37:13-48
47
48        <activity
48-->[com.google.firebase:firebase-auth:20.0.4] AndroidManifest.xml:27:9-44:20
49            android:name="com.google.firebase.auth.internal.GenericIdpActivity"
49-->[com.google.firebase:firebase-auth:20.0.4] AndroidManifest.xml:28:13-80
50            android:excludeFromRecents="true"
50-->[com.google.firebase:firebase-auth:20.0.4] AndroidManifest.xml:29:13-46
51            android:exported="true"
51-->[com.google.firebase:firebase-auth:20.0.4] AndroidManifest.xml:30:13-36
52            android:launchMode="singleTask"
52-->[com.google.firebase:firebase-auth:20.0.4] AndroidManifest.xml:31:13-44
53            android:theme="@android:style/Theme.Translucent.NoTitleBar" >
53-->[com.google.firebase:firebase-auth:20.0.4] AndroidManifest.xml:32:13-72
54            <intent-filter>
54-->[com.google.firebase:firebase-auth:20.0.4] AndroidManifest.xml:33:13-43:29
55                <action android:name="android.intent.action.VIEW" />
55-->[com.google.firebase:firebase-auth:20.0.4] AndroidManifest.xml:34:17-69
55-->[com.google.firebase:firebase-auth:20.0.4] AndroidManifest.xml:34:25-66
56
57                <category android:name="android.intent.category.DEFAULT" />
57-->[com.google.firebase:firebase-auth:20.0.4] AndroidManifest.xml:36:17-76
57-->[com.google.firebase:firebase-auth:20.0.4] AndroidManifest.xml:36:27-73
58                <category android:name="android.intent.category.BROWSABLE" />
58-->[com.google.firebase:firebase-auth:20.0.4] AndroidManifest.xml:37:17-78
58-->[com.google.firebase:firebase-auth:20.0.4] AndroidManifest.xml:37:27-75
59
60                <data
60-->[com.google.firebase:firebase-auth:20.0.4] AndroidManifest.xml:39:17-42:51
61                    android:host="firebase.auth"
61-->[com.google.firebase:firebase-auth:20.0.4] AndroidManifest.xml:40:21-49
62                    android:path="/"
62-->[com.google.firebase:firebase-auth:20.0.4] AndroidManifest.xml:41:21-37
63                    android:scheme="genericidp" />
63-->[com.google.firebase:firebase-auth:20.0.4] AndroidManifest.xml:42:21-48
64            </intent-filter>
65        </activity>
66        <activity
66-->[com.google.firebase:firebase-auth:20.0.4] AndroidManifest.xml:45:9-62:20
67            android:name="com.google.firebase.auth.internal.RecaptchaActivity"
67-->[com.google.firebase:firebase-auth:20.0.4] AndroidManifest.xml:46:13-79
68            android:excludeFromRecents="true"
68-->[com.google.firebase:firebase-auth:20.0.4] AndroidManifest.xml:47:13-46
69            android:exported="true"
69-->[com.google.firebase:firebase-auth:20.0.4] AndroidManifest.xml:48:13-36
70            android:launchMode="singleTask"
70-->[com.google.firebase:firebase-auth:20.0.4] AndroidManifest.xml:49:13-44
71            android:theme="@android:style/Theme.Translucent.NoTitleBar" >
71-->[com.google.firebase:firebase-auth:20.0.4] AndroidManifest.xml:50:13-72
72            <intent-filter>
72-->[com.google.firebase:firebase-auth:20.0.4] AndroidManifest.xml:51:13-61:29
73                <action android:name="android.intent.action.VIEW" />
73-->[com.google.firebase:firebase-auth:20.0.4] AndroidManifest.xml:34:17-69
73-->[com.google.firebase:firebase-auth:20.0.4] AndroidManifest.xml:34:25-66
74
75                <category android:name="android.intent.category.DEFAULT" />
75-->[com.google.firebase:firebase-auth:20.0.4] AndroidManifest.xml:36:17-76
75-->[com.google.firebase:firebase-auth:20.0.4] AndroidManifest.xml:36:27-73
76                <category android:name="android.intent.category.BROWSABLE" />
76-->[com.google.firebase:firebase-auth:20.0.4] AndroidManifest.xml:37:17-78
76-->[com.google.firebase:firebase-auth:20.0.4] AndroidManifest.xml:37:27-75
77
78                <data
78-->[com.google.firebase:firebase-auth:20.0.4] AndroidManifest.xml:39:17-42:51
79                    android:host="firebase.auth"
79-->[com.google.firebase:firebase-auth:20.0.4] AndroidManifest.xml:40:21-49
80                    android:path="/"
80-->[com.google.firebase:firebase-auth:20.0.4] AndroidManifest.xml:41:21-37
81                    android:scheme="recaptcha" />
81-->[com.google.firebase:firebase-auth:20.0.4] AndroidManifest.xml:42:21-48
82            </intent-filter>
83        </activity>
84
85        <service
85-->[com.google.firebase:firebase-auth:20.0.4] AndroidManifest.xml:64:9-73:19
86            android:name="com.google.firebase.auth.api.fallback.service.FirebaseAuthFallbackService"
86-->[com.google.firebase:firebase-auth:20.0.4] AndroidManifest.xml:65:13-101
87            android:enabled="true"
87-->[com.google.firebase:firebase-auth:20.0.4] AndroidManifest.xml:66:13-35
88            android:exported="false" >
88-->[com.google.firebase:firebase-auth:20.0.4] AndroidManifest.xml:67:13-37
89            <intent-filter>
89-->[com.google.firebase:firebase-auth:20.0.4] AndroidManifest.xml:68:13-72:29
90                <action android:name="com.google.firebase.auth.api.gms.service.START" />
90-->[com.google.firebase:firebase-auth:20.0.4] AndroidManifest.xml:69:17-89
90-->[com.google.firebase:firebase-auth:20.0.4] AndroidManifest.xml:69:25-86
91
92                <category android:name="android.intent.category.DEFAULT" />
92-->[com.google.firebase:firebase-auth:20.0.4] AndroidManifest.xml:36:17-76
92-->[com.google.firebase:firebase-auth:20.0.4] AndroidManifest.xml:36:27-73
93            </intent-filter>
94        </service>
95        <service
95-->[com.google.firebase:firebase-auth:20.0.4] AndroidManifest.xml:74:9-80:19
96            android:name="com.google.firebase.components.ComponentDiscoveryService"
96-->[com.google.firebase:firebase-auth:20.0.4] AndroidManifest.xml:75:13-84
97            android:directBootAware="true"
97-->[com.google.firebase:firebase-common:19.4.0] AndroidManifest.xml:35:13-43
98            android:exported="false" >
98-->[com.google.firebase:firebase-auth:20.0.4] AndroidManifest.xml:76:13-37
99            <meta-data
99-->[com.google.firebase:firebase-auth:20.0.4] AndroidManifest.xml:77:13-79:85
100                android:name="com.google.firebase.components:com.google.firebase.auth.FirebaseAuthRegistrar"
100-->[com.google.firebase:firebase-auth:20.0.4] AndroidManifest.xml:78:17-109
101                android:value="com.google.firebase.components.ComponentRegistrar" />
101-->[com.google.firebase:firebase-auth:20.0.4] AndroidManifest.xml:79:17-82
102        </service>
103
104        <activity
104-->[com.google.android.gms:play-services-base:17.6.0] AndroidManifest.xml:23:9-26:75
105            android:name="com.google.android.gms.common.api.GoogleApiActivity"
105-->[com.google.android.gms:play-services-base:17.6.0] AndroidManifest.xml:24:13-79
106            android:exported="false"
106-->[com.google.android.gms:play-services-base:17.6.0] AndroidManifest.xml:25:13-37
107            android:theme="@android:style/Theme.Translucent.NoTitleBar" />
107-->[com.google.android.gms:play-services-base:17.6.0] AndroidManifest.xml:26:13-72
108
109        <provider
109-->[com.google.firebase:firebase-common:19.4.0] AndroidManifest.xml:26:9-31:39
110            android:name="com.google.firebase.provider.FirebaseInitProvider"
110-->[com.google.firebase:firebase-common:19.4.0] AndroidManifest.xml:27:13-77
111            android:authorities="com.example.tritonbites.firebaseinitprovider"
111-->[com.google.firebase:firebase-common:19.4.0] AndroidManifest.xml:28:13-72
112            android:directBootAware="true"
112-->[com.google.firebase:firebase-common:19.4.0] AndroidManifest.xml:29:13-43
113            android:exported="false"
113-->[com.google.firebase:firebase-common:19.4.0] AndroidManifest.xml:30:13-37
114            android:initOrder="100" />
114-->[com.google.firebase:firebase-common:19.4.0] AndroidManifest.xml:31:13-36
115
116        <meta-data
116-->[com.google.android.gms:play-services-basement:17.6.0] AndroidManifest.xml:23:9-25:69
117            android:name="com.google.android.gms.version"
117-->[com.google.android.gms:play-services-basement:17.6.0] AndroidManifest.xml:24:13-58
118            android:value="@integer/google_play_services_version" />
118-->[com.google.android.gms:play-services-basement:17.6.0] AndroidManifest.xml:25:13-66
119    </application>
120
121</manifest>